<?xml version="1.0" encoding="UTF-8"?>
<!-- Generated by org.testng.reporters.JUnitReportReporter -->
<testsuite skipped="0" hostname="Achint-PC" name="com.lore.automation.test.rough.RoughTest1" tests="1" failures="0" timestamp="25 Aug 2018 12:00:21 GMT" time="9.792" errors="0">
  <testcase name="titleVerification" time="9.792" classname="com.lore.automation.test.rough.RoughTest1"/>
</testsuite> <!-- com.lore.automation.test.rough.RoughTest1 -->
